<?xml version="1.0" encoding="UTF-8"?>
<!-- Generated by org.testng.reporters.JUnitXMLReporter -->
<testsuite hostname="SHRI" ignored="0" name="Default test" tests="8" failures="0" timestamp="2023-03-13T15:50:08 IST" time="5.116" errors="0">
  <testcase name="@BeforeTest setup" time="4.94" classname="caseStudy.DemoBlazeTest$MiniCaseStudy">
    <failure type="org.openqa.selenium.remote.http.ConnectionFailedException" message="Unable to establish websocket connection to http://localhost:3965/devtools/browser/04a346c6-00a1-4686-8fb6-8a340a7ba30e
Build info: version: &amp;apos;4.6.0&amp;apos;, revision: &amp;apos;79f1c02ae20&amp;apos;
System info: os.name: &amp;apos;Windows 10&amp;apos;, os.arch: &amp;apos;amd64&amp;apos;, os.version: &amp;apos;10.0&amp;apos;, java.version: &amp;apos;1.8.0_202&amp;apos;
Driver info: driver.version: ChromeDriver">
      <![CDATA[org.openqa.selenium.remote.http.ConnectionFailedException: Unable to establish websocket connection to http://localhost:3965/devtools/browser/04a346c6-00a1-4686-8fb6-8a340a7ba30e
Build info: version: '4.6.0', revision: '79f1c02ae20'
System info: os.name: 'Windows 10', os.arch: 'amd64', os.version: '10.0', java.version: '1.8.0_202'
Driver info: driver.version: ChromeDriver
at org.openqa.selenium.remote.http.netty.NettyWebSocket.<init>(NettyWebSocket.java:102)
at org.openqa.selenium.remote.http.netty.NettyWebSocket.lambda$create$3(NettyWebSocket.java:128)
at org.openqa.selenium.remote.http.netty.NettyClient.openSocket(NettyClient.java:107)
at org.openqa.selenium.devtools.Connection.<init>(Connection.java:77)
at org.openqa.selenium.chromium.ChromiumDriver.lambda$new$2(ChromiumDriver.java:116)
at java.util.Optional.map(Optional.java:215)
at org.openqa.selenium.chromium.ChromiumDriver.<init>(ChromiumDriver.java:114)
at org.openqa.selenium.chrome.ChromeDriver.<init>(ChromeDriver.java:81)
at org.openqa.selenium.chrome.ChromeDriver.<init>(ChromeDriver.java:49)
at caseStudy.DemoBlazeTest$MiniCaseStudy.setup(DemoBlazeTest.java:43)
at sun.reflect.NativeMethodAccessorImpl.invoke0(Native Method)
at sun.reflect.NativeMethodAccessorImpl.invoke(NativeMethodAccessorImpl.java:62)
at sun.reflect.DelegatingMethodAccessorImpl.invoke(DelegatingMethodAccessorImpl.java:43)
at java.lang.reflect.Method.invoke(Method.java:498)
at org.testng.internal.MethodInvocationHelper.invokeMethod(MethodInvocationHelper.java:133)
at org.testng.internal.MethodInvocationHelper.invokeMethodConsideringTimeout(MethodInvocationHelper.java:62)
at org.testng.internal.ConfigInvoker.invokeConfigurationMethod(ConfigInvoker.java:385)
at org.testng.internal.ConfigInvoker.invokeConfigurations(ConfigInvoker.java:321)
at org.testng.TestRunner.invokeTestConfigurations(TestRunner.java:637)
at org.testng.TestRunner.beforeRun(TestRunner.java:627)
at org.testng.TestRunner.run(TestRunner.java:589)
at org.testng.SuiteRunner.runTest(SuiteRunner.java:377)
at org.testng.SuiteRunner.runSequentially(SuiteRunner.java:371)
at org.testng.SuiteRunner.privateRun(SuiteRunner.java:332)
at org.testng.SuiteRunner.run(SuiteRunner.java:276)
at org.testng.SuiteRunnerWorker.runSuite(SuiteRunnerWorker.java:53)
at org.testng.SuiteRunnerWorker.run(SuiteRunnerWorker.java:96)
at org.testng.TestNG.runSuitesSequentially(TestNG.java:1212)
at org.testng.TestNG.runSuitesLocally(TestNG.java:1134)
at org.testng.TestNG.runSuites(TestNG.java:1063)
at org.testng.TestNG.run(TestNG.java:1031)
at org.testng.remote.AbstractRemoteTestNG.run(AbstractRemoteTestNG.java:115)
at org.testng.remote.RemoteTestNG.initAndRun(RemoteTestNG.java:251)
at org.testng.remote.RemoteTestNG.main(RemoteTestNG.java:77)
]]>
    </failure>
  </testcase> <!-- @BeforeTest setup -->
  <testcase name="@AfterMethod tearDown" time="-1.678702808178E9" classname="caseStudy.DemoBlazeTest$MiniCaseStudy">
    <skipped/>
  </testcase> <!-- @AfterMethod tearDown -->
  <testcase name="@AfterMethod tearDown" time="-1.678702808192E9" classname="caseStudy.DemoBlazeTest$MiniCaseStudy">
    <skipped/>
  </testcase> <!-- @AfterMethod tearDown -->
  <testcase name="@AfterMethod tearDown" time="-1.678702808227E9" classname="caseStudy.DemoBlazeTest$MiniCaseStudy">
    <skipped/>
  </testcase> <!-- @AfterMethod tearDown -->
  <testcase name="@AfterMethod tearDown" time="-1.678702808233E9" classname="caseStudy.DemoBlazeTest$MiniCaseStudy">
    <skipped/>
  </testcase> <!-- @AfterMethod tearDown -->
  <testcase name="@AfterMethod tearDown" time="-1.678702808239E9" classname="caseStudy.DemoBlazeTest$MiniCaseStudy">
    <skipped/>
  </testcase> <!-- @AfterMethod tearDown -->
  <testcase name="@AfterMethod tearDown" time="-1.678702808246E9" classname="caseStudy.DemoBlazeTest$MiniCaseStudy">
    <skipped/>
  </testcase> <!-- @AfterMethod tearDown -->
  <testcase name="@AfterMethod tearDown" time="-1.678702808253E9" classname="caseStudy.DemoBlazeTest$MiniCaseStudy">
    <skipped/>
  </testcase> <!-- @AfterMethod tearDown -->
  <testcase name="@AfterMethod tearDown" time="-1.678702808269E9" classname="caseStudy.DemoBlazeTest$MiniCaseStudy">
    <skipped/>
  </testcase> <!-- @AfterMethod tearDown -->
  <testcase name="@AfterTest finishExtent" time="-1.678702808272E9" classname="caseStudy.DemoBlazeTest$MiniCaseStudy">
    <skipped/>
  </testcase> <!-- @AfterTest finishExtent -->
  <testcase name="logIn" time="0.0" classname="caseStudy.DemoBlazeTest$MiniCaseStudy">
    <skipped/>
  </testcase> <!-- logIn -->
  <testcase name="addItem" time="0.0" classname="caseStudy.DemoBlazeTest$MiniCaseStudy">
    <skipped/>
  </testcase> <!-- addItem -->
  <testcase name="manyItem" time="0.0" classname="caseStudy.DemoBlazeTest$MiniCaseStudy">
    <skipped/>
  </testcase> <!-- manyItem -->
  <testcase name="manyItem" time="0.0" classname="caseStudy.DemoBlazeTest$MiniCaseStudy">
    <skipped/>
  </testcase> <!-- manyItem -->
  <testcase name="manyItem" time="0.0" classname="caseStudy.DemoBlazeTest$MiniCaseStudy">
    <skipped/>
  </testcase> <!-- manyItem -->
  <testcase name="manyItem" time="0.0" classname="caseStudy.DemoBlazeTest$MiniCaseStudy">
    <skipped/>
  </testcase> <!-- manyItem -->
  <testcase name="deleteItem" time="0.0" classname="caseStudy.DemoBlazeTest$MiniCaseStudy">
    <skipped/>
  </testcase> <!-- deleteItem -->
  <testcase name="purchaseproduct" time="0.0" classname="caseStudy.DemoBlazeTest$MiniCaseStudy">
    <skipped/>
  </testcase> <!-- purchaseproduct -->
</testsuite> <!-- Default test -->
